Terminals which are not used

   T_NONE
   T_LATTER
   T_NEWLINE
   T_QUIT
   T_THEN
   T_OPERATOR
   T_PERIOD
   T_COMMENT
   T_ELIF


State 117 conflicts: 1 shift/reduce
State 128 conflicts: 1 shift/reduce
State 130 conflicts: 1 shift/reduce


Grammar

    0 $accept: program_start $end

    1 program_start: /* empty */
    2              | T_MAINPROG T_ID T_SEMICOLON declarations subprogram_declarations compound_statement
    3              | T_MAINPROG T_ID error declarations subprogram_declarations compound_statement

    4 declarations: type identifier_list T_SEMICOLON declarations
    5             | /* empty */

    6 identifier_list: T_ID
    7                | T_ID T_COMMA identifier_list

    8 type: standard_type
    9     | standard_type T_LEFT_BRACKET T_INTEGER T_RIGHT_BRACKET

   10 standard_type: T_INT
   11              | T_FLOAT

   12 subprogram_declarations: subprogram_declaration subprogram_declarations
   13                        | /* empty */

   14 subprogram_declaration: subprogram_head declarations compound_statement

   15 subprogram_head: T_FUNCTION T_ID arguments T_COLON standard_type T_SEMICOLON
   16                | T_PROCEDURE T_ID arguments T_SEMICOLON

   17 arguments: T_LEFT_PARENTHESIS parameter_list T_RIGHT_PARENTHESIS
   18          | T_LEFT_PARENTHESIS T_RIGHT_PARENTHESIS

   19 parameter_list: type T_COLON identifier_list
   20               | type T_COLON identifier_list T_SEMICOLON parameter_list

   21 compound_statement: T_BEGIN statement_list T_END

   22 statement_list: statement
   23               | statement T_SEMICOLON statement_list

   24 statement: match_statement
   25          | unmatch_statement

   26 match_statement: other_statment
   27                | T_IF expression T_COLON match_statement T_ELSE T_COLON match_statement

   28 unmatch_statement: /* empty */
   29                  | T_IF expression T_COLON statement
   30                  | T_IF expression T_COLON match_statement T_ELSE T_COLON unmatch_statement

   31 other_statment: variable T_ASSIGN expression
   32               | print_statement
   33               | procedure_statement
   34               | compound_statement
   35               | while_statement
   36               | for_statement
   37               | T_RETURN expression
   38               | T_NOP

   39 while_statement: T_WHILE expression T_COLON statement
   40                | T_WHILE expression T_COLON statement T_ELSE T_COLON statement

   41 for_statement: T_FOR for_condition T_COLON statement
   42              | T_FOR for_condition T_COLON statement T_ELSE T_COLON statement

   43 for_condition: variable T_IN variable

   44 print_statement: T_PRINT
   45                | T_PRINT T_LEFT_PARENTHESIS expression T_RIGHT_PARENTHESIS

   46 variable: T_ID
   47         | T_ID T_LEFT_BRACKET expression T_RIGHT_BRACKET

   48 procedure_statement: T_ID T_LEFT_PARENTHESIS actual_parameter_expression T_RIGHT_PARENTHESIS

   49 actual_parameter_expression: expression_list
   50                            | /* empty */

   51 expression_list: expression
   52                | expression T_COMMA expression_list

   53 expression: simple_expression
   54           | simple_expression T_LARGER simple_expression
   55           | simple_expression T_LARGER_EQUAL simple_expression
   56           | simple_expression T_SMALLER simple_expression
   57           | simple_expression T_SMALLER_EQUAL simple_expression
   58           | simple_expression T_EQUAL simple_expression
   59           | simple_expression T_NOT_EQUAL simple_expression

   60 simple_expression: term
   61                  | term T_PLUS simple_expression
   62                  | term T_MINUS simple_expression

   63 term: factor
   64     | factor T_MULTIPLE term
   65     | factor T_DIVIDE term

   66 factor: T_INTEGER
   67       | T_FLOATING
   68       | variable
   69       | procedure_statement
   70       | T_NOT factor
   71       | T_PLUS factor
   72       | T_MINUS factor


Terminals, with rules where they appear

$end (0) 0
error (256) 3
T_INTEGER (258) 9 66
T_ID (259) 2 3 6 7 15 16 46 47 48
T_FLOATING (260) 67
T_PLUS (261) 61 71
T_MINUS (262) 62 72
T_MULTIPLE (263) 64
T_DIVIDE (264) 65
T_SMALLER (265) 56
T_EQUAL (266) 58
T_NOT_EQUAL (267) 59
T_ASSIGN (268) 31
T_SMALLER_EQUAL (269) 57
T_LARGER_EQUAL (270) 55
T_LARGER (271) 54
T_INT (272) 10
T_FLOAT (273) 11
T_NONE (274)
T_LATTER (275)
T_NEWLINE (276)
T_QUIT (277)
T_MAINPROG (278) 2 3
T_FUNCTION (279) 15
T_PROCEDURE (280) 16
T_BEGIN (281) 21
T_END (282) 21
T_IF (283) 27 29 30
T_THEN (284)
T_ELSE (285) 27 30 40 42
T_NOP (286) 38
T_WHILE (287) 39 40
T_RETURN (288) 37
T_PRINT (289) 44 45
T_IN (290) 43
T_OPERATOR (291)
T_SEMICOLON (292) 2 4 15 16 20 23
T_PERIOD (293)
T_COMMA (294) 7 52
T_LEFT_PARENTHESIS (295) 17 18 45 48
T_RIGHT_PARENTHESIS (296) 17 18 45 48
T_FOR (297) 41 42
T_LEFT_BRACKET (298) 9 47
T_RIGHT_BRACKET (299) 9 47
T_COLON (300) 15 19 20 27 29 30 39 40 41 42
T_COMMENT (301)
T_ELIF (302)
T_NOT (303) 70


Nonterminals, with rules where they appear

$accept (49)
    on left: 0
program_start (50)
    on left: 1 2 3, on right: 0
declarations (51)
    on left: 4 5, on right: 2 3 4 14
identifier_list (52)
    on left: 6 7, on right: 4 7 19 20
type (53)
    on left: 8 9, on right: 4 19 20
standard_type (54)
    on left: 10 11, on right: 8 9 15
subprogram_declarations (55)
    on left: 12 13, on right: 2 3 12
subprogram_declaration (56)
    on left: 14, on right: 12
subprogram_head (57)
    on left: 15 16, on right: 14
arguments (58)
    on left: 17 18, on right: 15 16
parameter_list (59)
    on left: 19 20, on right: 17 20
compound_statement (60)
    on left: 21, on right: 2 3 14 34
statement_list (61)
    on left: 22 23, on right: 21 23
statement (62)
    on left: 24 25, on right: 22 23 29 39 40 41 42
match_statement (63)
    on left: 26 27, on right: 24 27 30
unmatch_statement (64)
    on left: 28 29 30, on right: 25 30
other_statment (65)
    on left: 31 32 33 34 35 36 37 38, on right: 26
while_statement (66)
    on left: 39 40, on right: 35
for_statement (67)
    on left: 41 42, on right: 36
for_condition (68)
    on left: 43, on right: 41 42
print_statement (69)
    on left: 44 45, on right: 32
variable (70)
    on left: 46 47, on right: 31 43 68
procedure_statement (71)
    on left: 48, on right: 33 69
actual_parameter_expression (72)
    on left: 49 50, on right: 48
expression_list (73)
    on left: 51 52, on right: 49 52
expression (74)
    on left: 53 54 55 56 57 58 59, on right: 27 29 30 31 37 39 40 45
    47 51 52
simple_expression (75)
    on left: 60 61 62, on right: 53 54 55 56 57 58 59 61 62
term (76)
    on left: 63 64 65, on right: 60 61 62 64 65
factor (77)
    on left: 66 67 68 69 70 71 72, on right: 63 64 65 70 71 72


state 0

    0 $accept: . program_start $end
    1 program_start: .  [$end]
    2              | . T_MAINPROG T_ID T_SEMICOLON declarations subprogram_declarations compound_statement
    3              | . T_MAINPROG T_ID error declarations subprogram_declarations compound_statement

    T_MAINPROG  shift, and go to state 1

    $default  reduce using rule 1 (program_start)

    program_start  go to state 2


state 1

    2 program_start: T_MAINPROG . T_ID T_SEMICOLON declarations subprogram_declarations compound_statement
    3              | T_MAINPROG . T_ID error declarations subprogram_declarations compound_statement

    T_ID  shift, and go to state 3


state 2

    0 $accept: program_start . $end

    $end  shift, and go to state 4


state 3

    2 program_start: T_MAINPROG T_ID . T_SEMICOLON declarations subprogram_declarations compound_statement
    3              | T_MAINPROG T_ID . error declarations subprogram_declarations compound_statement

    error        shift, and go to state 5
    T_SEMICOLON  shift, and go to state 6


state 4

    0 $accept: program_start $end .

    $default  accept


state 5

    3 program_start: T_MAINPROG T_ID error . declarations subprogram_declarations compound_statement
    4 declarations: . type identifier_list T_SEMICOLON declarations
    5             | .  [T_FUNCTION, T_PROCEDURE, T_BEGIN]
    8 type: . standard_type
    9     | . standard_type T_LEFT_BRACKET T_INTEGER T_RIGHT_BRACKET
   10 standard_type: . T_INT
   11              | . T_FLOAT

    T_INT    shift, and go to state 7
    T_FLOAT  shift, and go to state 8

    $default  reduce using rule 5 (declarations)

    declarations   go to state 9
    type           go to state 10
    standard_type  go to state 11


state 6

    2 program_start: T_MAINPROG T_ID T_SEMICOLON . declarations subprogram_declarations compound_statement
    4 declarations: . type identifier_list T_SEMICOLON declarations
    5             | .  [T_FUNCTION, T_PROCEDURE, T_BEGIN]
    8 type: . standard_type
    9     | . standard_type T_LEFT_BRACKET T_INTEGER T_RIGHT_BRACKET
   10 standard_type: . T_INT
   11              | . T_FLOAT

    T_INT    shift, and go to state 7
    T_FLOAT  shift, and go to state 8

    $default  reduce using rule 5 (declarations)

    declarations   go to state 12
    type           go to state 10
    standard_type  go to state 11


state 7

   10 standard_type: T_INT .

    $default  reduce using rule 10 (standard_type)


state 8

   11 standard_type: T_FLOAT .

    $default  reduce using rule 11 (standard_type)


state 9

    3 program_start: T_MAINPROG T_ID error declarations . subprogram_declarations compound_statement
   12 subprogram_declarations: . subprogram_declaration subprogram_declarations
   13                        | .  [T_BEGIN]
   14 subprogram_declaration: . subprogram_head declarations compound_statement
   15 subprogram_head: . T_FUNCTION T_ID arguments T_COLON standard_type T_SEMICOLON
   16                | . T_PROCEDURE T_ID arguments T_SEMICOLON

    T_FUNCTION   shift, and go to state 13
    T_PROCEDURE  shift, and go to state 14

    $default  reduce using rule 13 (subprogram_declarations)

    subprogram_declarations  go to state 15
    subprogram_declaration   go to state 16
    subprogram_head          go to state 17


state 10

    4 declarations: type . identifier_list T_SEMICOLON declarations
    6 identifier_list: . T_ID
    7                | . T_ID T_COMMA identifier_list

    T_ID  shift, and go to state 18

    identifier_list  go to state 19


state 11

    8 type: standard_type .  [T_ID, T_COLON]
    9     | standard_type . T_LEFT_BRACKET T_INTEGER T_RIGHT_BRACKET

    T_LEFT_BRACKET  shift, and go to state 20

    $default  reduce using rule 8 (type)


state 12

    2 program_start: T_MAINPROG T_ID T_SEMICOLON declarations . subprogram_declarations compound_statement
   12 subprogram_declarations: . subprogram_declaration subprogram_declarations
   13                        | .  [T_BEGIN]
   14 subprogram_declaration: . subprogram_head declarations compound_statement
   15 subprogram_head: . T_FUNCTION T_ID arguments T_COLON standard_type T_SEMICOLON
   16                | . T_PROCEDURE T_ID arguments T_SEMICOLON

    T_FUNCTION   shift, and go to state 13
    T_PROCEDURE  shift, and go to state 14

    $default  reduce using rule 13 (subprogram_declarations)

    subprogram_declarations  go to state 21
    subprogram_declaration   go to state 16
    subprogram_head          go to state 17


state 13

   15 subprogram_head: T_FUNCTION . T_ID arguments T_COLON standard_type T_SEMICOLON

    T_ID  shift, and go to state 22


state 14

   16 subprogram_head: T_PROCEDURE . T_ID arguments T_SEMICOLON

    T_ID  shift, and go to state 23


state 15

    3 program_start: T_MAINPROG T_ID error declarations subprogram_declarations . compound_statement
   21 compound_statement: . T_BEGIN statement_list T_END

    T_BEGIN  shift, and go to state 24

    compound_statement  go to state 25


state 16

   12 subprogram_declarations: . subprogram_declaration subprogram_declarations
   12                        | subprogram_declaration . subprogram_declarations
   13                        | .  [T_BEGIN]
   14 subprogram_declaration: . subprogram_head declarations compound_statement
   15 subprogram_head: . T_FUNCTION T_ID arguments T_COLON standard_type T_SEMICOLON
   16                | . T_PROCEDURE T_ID arguments T_SEMICOLON

    T_FUNCTION   shift, and go to state 13
    T_PROCEDURE  shift, and go to state 14

    $default  reduce using rule 13 (subprogram_declarations)

    subprogram_declarations  go to state 26
    subprogram_declaration   go to state 16
    subprogram_head          go to state 17


state 17

    4 declarations: . type identifier_list T_SEMICOLON declarations
    5             | .  [T_BEGIN]
    8 type: . standard_type
    9     | . standard_type T_LEFT_BRACKET T_INTEGER T_RIGHT_BRACKET
   10 standard_type: . T_INT
   11              | . T_FLOAT
   14 subprogram_declaration: subprogram_head . declarations compound_statement

    T_INT    shift, and go to state 7
    T_FLOAT  shift, and go to state 8

    $default  reduce using rule 5 (declarations)

    declarations   go to state 27
    type           go to state 10
    standard_type  go to state 11


state 18

    6 identifier_list: T_ID .  [T_SEMICOLON, T_RIGHT_PARENTHESIS]
    7                | T_ID . T_COMMA identifier_list

    T_COMMA  shift, and go to state 28

    $default  reduce using rule 6 (identifier_list)


state 19

    4 declarations: type identifier_list . T_SEMICOLON declarations

    T_SEMICOLON  shift, and go to state 29


state 20

    9 type: standard_type T_LEFT_BRACKET . T_INTEGER T_RIGHT_BRACKET

    T_INTEGER  shift, and go to state 30


state 21

    2 program_start: T_MAINPROG T_ID T_SEMICOLON declarations subprogram_declarations . compound_statement
   21 compound_statement: . T_BEGIN statement_list T_END

    T_BEGIN  shift, and go to state 24

    compound_statement  go to state 31


state 22

   15 subprogram_head: T_FUNCTION T_ID . arguments T_COLON standard_type T_SEMICOLON
   17 arguments: . T_LEFT_PARENTHESIS parameter_list T_RIGHT_PARENTHESIS
   18          | . T_LEFT_PARENTHESIS T_RIGHT_PARENTHESIS

    T_LEFT_PARENTHESIS  shift, and go to state 32

    arguments  go to state 33


state 23

   16 subprogram_head: T_PROCEDURE T_ID . arguments T_SEMICOLON
   17 arguments: . T_LEFT_PARENTHESIS parameter_list T_RIGHT_PARENTHESIS
   18          | . T_LEFT_PARENTHESIS T_RIGHT_PARENTHESIS

    T_LEFT_PARENTHESIS  shift, and go to state 32

    arguments  go to state 34


state 24

   21 compound_statement: . T_BEGIN statement_list T_END
   21                   | T_BEGIN . statement_list T_END
   22 statement_list: . statement
   23               | . statement T_SEMICOLON statement_list
   24 statement: . match_statement
   25          | . unmatch_statement
   26 match_statement: . other_statment
   27                | . T_IF expression T_COLON match_statement T_ELSE T_COLON match_statement
   28 unmatch_statement: .  [T_END, T_SEMICOLON]
   29                  | . T_IF expression T_COLON statement
   30                  | . T_IF expression T_COLON match_statement T_ELSE T_COLON unmatch_statement
   31 other_statment: . variable T_ASSIGN expression
   32               | . print_statement
   33               | . procedure_statement
   34               | . compound_statement
   35               | . while_statement
   36               | . for_statement
   37               | . T_RETURN expression
   38               | . T_NOP
   39 while_statement: . T_WHILE expression T_COLON statement
   40                | . T_WHILE expression T_COLON statement T_ELSE T_COLON statement
   41 for_statement: . T_FOR for_condition T_COLON statement
   42              | . T_FOR for_condition T_COLON statement T_ELSE T_COLON statement
   44 print_statement: . T_PRINT
   45                | . T_PRINT T_LEFT_PARENTHESIS expression T_RIGHT_PARENTHESIS
   46 variable: . T_ID
   47         | . T_ID T_LEFT_BRACKET expression T_RIGHT_BRACKET
   48 procedure_statement: . T_ID T_LEFT_PARENTHESIS actual_parameter_expression T_RIGHT_PARENTHESIS

    T_ID      shift, and go to state 35
    T_BEGIN   shift, and go to state 24
    T_IF      shift, and go to state 36
    T_NOP     shift, and go to state 37
    T_WHILE   shift, and go to state 38
    T_RETURN  shift, and go to state 39
    T_PRINT   shift, and go to state 40
    T_FOR     shift, and go to state 41

    $default  reduce using rule 28 (unmatch_statement)

    compound_statement   go to state 42
    statement_list       go to state 43
    statement            go to state 44
    match_statement      go to state 45
    unmatch_statement    go to state 46
    other_statment       go to state 47
    while_statement      go to state 48
    for_statement        go to state 49
    print_statement      go to state 50
    variable             go to state 51
    procedure_statement  go to state 52


state 25

    3 program_start: T_MAINPROG T_ID error declarations subprogram_declarations compound_statement .

    $default  reduce using rule 3 (program_start)


state 26

   12 subprogram_declarations: subprogram_declaration subprogram_declarations .

    $default  reduce using rule 12 (subprogram_declarations)


state 27

   14 subprogram_declaration: subprogram_head declarations . compound_statement
   21 compound_statement: . T_BEGIN statement_list T_END

    T_BEGIN  shift, and go to state 24

    compound_statement  go to state 53


state 28

    6 identifier_list: . T_ID
    7                | . T_ID T_COMMA identifier_list
    7                | T_ID T_COMMA . identifier_list

    T_ID  shift, and go to state 18

    identifier_list  go to state 54


state 29

    4 declarations: . type identifier_list T_SEMICOLON declarations
    4             | type identifier_list T_SEMICOLON . declarations
    5             | .  [T_FUNCTION, T_PROCEDURE, T_BEGIN]
    8 type: . standard_type
    9     | . standard_type T_LEFT_BRACKET T_INTEGER T_RIGHT_BRACKET
   10 standard_type: . T_INT
   11              | . T_FLOAT

    T_INT    shift, and go to state 7
    T_FLOAT  shift, and go to state 8

    $default  reduce using rule 5 (declarations)

    declarations   go to state 55
    type           go to state 10
    standard_type  go to state 11


state 30

    9 type: standard_type T_LEFT_BRACKET T_INTEGER . T_RIGHT_BRACKET

    T_RIGHT_BRACKET  shift, and go to state 56


state 31

    2 program_start: T_MAINPROG T_ID T_SEMICOLON declarations subprogram_declarations compound_statement .

    $default  reduce using rule 2 (program_start)


state 32

    8 type: . standard_type
    9     | . standard_type T_LEFT_BRACKET T_INTEGER T_RIGHT_BRACKET
   10 standard_type: . T_INT
   11              | . T_FLOAT
   17 arguments: T_LEFT_PARENTHESIS . parameter_list T_RIGHT_PARENTHESIS
   18          | T_LEFT_PARENTHESIS . T_RIGHT_PARENTHESIS
   19 parameter_list: . type T_COLON identifier_list
   20               | . type T_COLON identifier_list T_SEMICOLON parameter_list

    T_INT                shift, and go to state 7
    T_FLOAT              shift, and go to state 8
    T_RIGHT_PARENTHESIS  shift, and go to state 57

    type            go to state 58
    standard_type   go to state 11
    parameter_list  go to state 59


state 33

   15 subprogram_head: T_FUNCTION T_ID arguments . T_COLON standard_type T_SEMICOLON

    T_COLON  shift, and go to state 60


state 34

   16 subprogram_head: T_PROCEDURE T_ID arguments . T_SEMICOLON

    T_SEMICOLON  shift, and go to state 61


state 35

   46 variable: T_ID .  [T_PLUS, T_MINUS, T_MULTIPLE, T_DIVIDE, T_SMALLER, T_EQUAL, T_NOT_EQUAL, T_ASSIGN, T_SMALLER_EQUAL, T_LARGER_EQUAL, T_LARGER, T_END, T_ELSE, T_SEMICOLON, T_COMMA, T_RIGHT_PARENTHESIS, T_RIGHT_BRACKET, T_COLON]
   47         | T_ID . T_LEFT_BRACKET expression T_RIGHT_BRACKET
   48 procedure_statement: T_ID . T_LEFT_PARENTHESIS actual_parameter_expression T_RIGHT_PARENTHESIS

    T_LEFT_PARENTHESIS  shift, and go to state 62
    T_LEFT_BRACKET      shift, and go to state 63

    $default  reduce using rule 46 (variable)


state 36

   27 match_statement: T_IF . expression T_COLON match_statement T_ELSE T_COLON match_statement
   29 unmatch_statement: T_IF . expression T_COLON statement
   30                  | T_IF . expression T_COLON match_statement T_ELSE T_COLON unmatch_statement
   46 variable: . T_ID
   47         | . T_ID T_LEFT_BRACKET expression T_RIGHT_BRACKET
   48 procedure_statement: . T_ID T_LEFT_PARENTHESIS actual_parameter_expression T_RIGHT_PARENTHESIS
   53 expression: . simple_expression
   54           | . simple_expression T_LARGER simple_expression
   55           | . simple_expression T_LARGER_EQUAL simple_expression
   56           | . simple_expression T_SMALLER simple_expression
   57           | . simple_expression T_SMALLER_EQUAL simple_expression
   58           | . simple_expression T_EQUAL simple_expression
   59           | . simple_expression T_NOT_EQUAL simple_expression
   60 simple_expression: . term
   61                  | . term T_PLUS simple_expression
   62                  | . term T_MINUS simple_expression
   63 term: . factor
   64     | . factor T_MULTIPLE term
   65     | . factor T_DIVIDE term
   66 factor: . T_INTEGER
   67       | . T_FLOATING
   68       | . variable
   69       | . procedure_statement
   70       | . T_NOT factor
   71       | . T_PLUS factor
   72       | . T_MINUS factor

    T_INTEGER   shift, and go to state 64
    T_ID        shift, and go to state 35
    T_FLOATING  shift, and go to state 65
    T_PLUS      shift, and go to state 66
    T_MINUS     shift, and go to state 67
    T_NOT       shift, and go to state 68

    variable             go to state 69
    procedure_statement  go to state 70
    expression           go to state 71
    simple_expression    go to state 72
    term                 go to state 73
    factor               go to state 74


state 37

   38 other_statment: T_NOP .

    $default  reduce using rule 38 (other_statment)


state 38

   39 while_statement: T_WHILE . expression T_COLON statement
   40                | T_WHILE . expression T_COLON statement T_ELSE T_COLON statement
   46 variable: . T_ID
   47         | . T_ID T_LEFT_BRACKET expression T_RIGHT_BRACKET
   48 procedure_statement: . T_ID T_LEFT_PARENTHESIS actual_parameter_expression T_RIGHT_PARENTHESIS
   53 expression: . simple_expression
   54           | . simple_expression T_LARGER simple_expression
   55           | . simple_expression T_LARGER_EQUAL simple_expression
   56           | . simple_expression T_SMALLER simple_expression
   57           | . simple_expression T_SMALLER_EQUAL simple_expression
   58           | . simple_expression T_EQUAL simple_expression
   59           | . simple_expression T_NOT_EQUAL simple_expression
   60 simple_expression: . term
   61                  | . term T_PLUS simple_expression
   62                  | . term T_MINUS simple_expression
   63 term: . factor
   64     | . factor T_MULTIPLE term
   65     | . factor T_DIVIDE term
   66 factor: . T_INTEGER
   67       | . T_FLOATING
   68       | . variable
   69       | . procedure_statement
   70       | . T_NOT factor
   71       | . T_PLUS factor
   72       | . T_MINUS factor

    T_INTEGER   shift, and go to state 64
    T_ID        shift, and go to state 35
    T_FLOATING  shift, and go to state 65
    T_PLUS      shift, and go to state 66
    T_MINUS     shift, and go to state 67
    T_NOT       shift, and go to state 68

    variable             go to state 69
    procedure_statement  go to state 70
    expression           go to state 75
    simple_expression    go to state 72
    term                 go to state 73
    factor               go to state 74


state 39

   37 other_statment: T_RETURN . expression
   46 variable: . T_ID
   47         | . T_ID T_LEFT_BRACKET expression T_RIGHT_BRACKET
   48 procedure_statement: . T_ID T_LEFT_PARENTHESIS actual_parameter_expression T_RIGHT_PARENTHESIS
   53 expression: . simple_expression
   54           | . simple_expression T_LARGER simple_expression
   55           | . simple_expression T_LARGER_EQUAL simple_expression
   56           | . simple_expression T_SMALLER simple_expression
   57           | . simple_expression T_SMALLER_EQUAL simple_expression
   58           | . simple_expression T_EQUAL simple_expression
   59           | . simple_expression T_NOT_EQUAL simple_expression
   60 simple_expression: . term
   61                  | . term T_PLUS simple_expression
   62                  | . term T_MINUS simple_expression
   63 term: . factor
   64     | . factor T_MULTIPLE term
   65     | . factor T_DIVIDE term
   66 factor: . T_INTEGER
   67       | . T_FLOATING
   68       | . variable
   69       | . procedure_statement
   70       | . T_NOT factor
   71       | . T_PLUS factor
   72       | . T_MINUS factor

    T_INTEGER   shift, and go to state 64
    T_ID        shift, and go to state 35
    T_FLOATING  shift, and go to state 65
    T_PLUS      shift, and go to state 66
    T_MINUS     shift, and go to state 67
    T_NOT       shift, and go to state 68

    variable             go to state 69
    procedure_statement  go to state 70
    expression           go to state 76
    simple_expression    go to state 72
    term                 go to state 73
    factor               go to state 74


state 40

   44 print_statement: T_PRINT .  [T_END, T_ELSE, T_SEMICOLON]
   45                | T_PRINT . T_LEFT_PARENTHESIS expression T_RIGHT_PARENTHESIS

    T_LEFT_PARENTHESIS  shift, and go to state 77

    $default  reduce using rule 44 (print_statement)


state 41

   41 for_statement: T_FOR . for_condition T_COLON statement
   42              | T_FOR . for_condition T_COLON statement T_ELSE T_COLON statement
   43 for_condition: . variable T_IN variable
   46 variable: . T_ID
   47         | . T_ID T_LEFT_BRACKET expression T_RIGHT_BRACKET

    T_ID  shift, and go to state 78

    for_condition  go to state 79
    variable       go to state 80


state 42

   34 other_statment: compound_statement .

    $default  reduce using rule 34 (other_statment)


state 43

   21 compound_statement: T_BEGIN statement_list . T_END

    T_END  shift, and go to state 81


state 44

   22 statement_list: statement .  [T_END]
   23               | statement . T_SEMICOLON statement_list

    T_SEMICOLON  shift, and go to state 82

    $default  reduce using rule 22 (statement_list)


state 45

   24 statement: match_statement .

    $default  reduce using rule 24 (statement)


state 46

   25 statement: unmatch_statement .

    $default  reduce using rule 25 (statement)


state 47

   26 match_statement: other_statment .

    $default  reduce using rule 26 (match_statement)


state 48

   35 other_statment: while_statement .

    $default  reduce using rule 35 (other_statment)


state 49

   36 other_statment: for_statement .

    $default  reduce using rule 36 (other_statment)


state 50

   32 other_statment: print_statement .

    $default  reduce using rule 32 (other_statment)


state 51

   31 other_statment: variable . T_ASSIGN expression

    T_ASSIGN  shift, and go to state 83


state 52

   33 other_statment: procedure_statement .

    $default  reduce using rule 33 (other_statment)


state 53

   14 subprogram_declaration: subprogram_head declarations compound_statement .

    $default  reduce using rule 14 (subprogram_declaration)


state 54

    7 identifier_list: T_ID T_COMMA identifier_list .

    $default  reduce using rule 7 (identifier_list)


state 55

    4 declarations: type identifier_list T_SEMICOLON declarations .

    $default  reduce using rule 4 (declarations)


state 56

    9 type: standard_type T_LEFT_BRACKET T_INTEGER T_RIGHT_BRACKET .

    $default  reduce using rule 9 (type)


state 57

   18 arguments: T_LEFT_PARENTHESIS T_RIGHT_PARENTHESIS .

    $default  reduce using rule 18 (arguments)


state 58

   19 parameter_list: type . T_COLON identifier_list
   20               | type . T_COLON identifier_list T_SEMICOLON parameter_list

    T_COLON  shift, and go to state 84


state 59

   17 arguments: T_LEFT_PARENTHESIS parameter_list . T_RIGHT_PARENTHESIS

    T_RIGHT_PARENTHESIS  shift, and go to state 85


state 60

   10 standard_type: . T_INT
   11              | . T_FLOAT
   15 subprogram_head: T_FUNCTION T_ID arguments T_COLON . standard_type T_SEMICOLON

    T_INT    shift, and go to state 7
    T_FLOAT  shift, and go to state 8

    standard_type  go to state 86


state 61

   16 subprogram_head: T_PROCEDURE T_ID arguments T_SEMICOLON .

    $default  reduce using rule 16 (subprogram_head)


state 62

   46 variable: . T_ID
   47         | . T_ID T_LEFT_BRACKET expression T_RIGHT_BRACKET
   48 procedure_statement: . T_ID T_LEFT_PARENTHESIS actual_parameter_expression T_RIGHT_PARENTHESIS
   48                    | T_ID T_LEFT_PARENTHESIS . actual_parameter_expression T_RIGHT_PARENTHESIS
   49 actual_parameter_expression: . expression_list
   50                            | .  [T_RIGHT_PARENTHESIS]
   51 expression_list: . expression
   52                | . expression T_COMMA expression_list
   53 expression: . simple_expression
   54           | . simple_expression T_LARGER simple_expression
   55           | . simple_expression T_LARGER_EQUAL simple_expression
   56           | . simple_expression T_SMALLER simple_expression
   57           | . simple_expression T_SMALLER_EQUAL simple_expression
   58           | . simple_expression T_EQUAL simple_expression
   59           | . simple_expression T_NOT_EQUAL simple_expression
   60 simple_expression: . term
   61                  | . term T_PLUS simple_expression
   62                  | . term T_MINUS simple_expression
   63 term: . factor
   64     | . factor T_MULTIPLE term
   65     | . factor T_DIVIDE term
   66 factor: . T_INTEGER
   67       | . T_FLOATING
   68       | . variable
   69       | . procedure_statement
   70       | . T_NOT factor
   71       | . T_PLUS factor
   72       | . T_MINUS factor

    T_INTEGER   shift, and go to state 64
    T_ID        shift, and go to state 35
    T_FLOATING  shift, and go to state 65
    T_PLUS      shift, and go to state 66
    T_MINUS     shift, and go to state 67
    T_NOT       shift, and go to state 68

    $default  reduce using rule 50 (actual_parameter_expression)

    variable                     go to state 69
    procedure_statement          go to state 70
    actual_parameter_expression  go to state 87
    expression_list              go to state 88
    expression                   go to state 89
    simple_expression            go to state 72
    term                         go to state 73
    factor                       go to state 74


state 63

   46 variable: . T_ID
   47         | . T_ID T_LEFT_BRACKET expression T_RIGHT_BRACKET
   47         | T_ID T_LEFT_BRACKET . expression T_RIGHT_BRACKET
   48 procedure_statement: . T_ID T_LEFT_PARENTHESIS actual_parameter_expression T_RIGHT_PARENTHESIS
   53 expression: . simple_expression
   54           | . simple_expression T_LARGER simple_expression
   55           | . simple_expression T_LARGER_EQUAL simple_expression
   56           | . simple_expression T_SMALLER simple_expression
   57           | . simple_expression T_SMALLER_EQUAL simple_expression
   58           | . simple_expression T_EQUAL simple_expression
   59           | . simple_expression T_NOT_EQUAL simple_expression
   60 simple_expression: . term
   61                  | . term T_PLUS simple_expression
   62                  | . term T_MINUS simple_expression
   63 term: . factor
   64     | . factor T_MULTIPLE term
   65     | . factor T_DIVIDE term
   66 factor: . T_INTEGER
   67       | . T_FLOATING
   68       | . variable
   69       | . procedure_statement
   70       | . T_NOT factor
   71       | . T_PLUS factor
   72       | . T_MINUS factor

    T_INTEGER   shift, and go to state 64
    T_ID        shift, and go to state 35
    T_FLOATING  shift, and go to state 65
    T_PLUS      shift, and go to state 66
    T_MINUS     shift, and go to state 67
    T_NOT       shift, and go to state 68

    variable             go to state 69
    procedure_statement  go to state 70
    expression           go to state 90
    simple_expression    go to state 72
    term                 go to state 73
    factor               go to state 74


state 64

   66 factor: T_INTEGER .

    $default  reduce using rule 66 (factor)


state 65

   67 factor: T_FLOATING .

    $default  reduce using rule 67 (factor)


state 66

   46 variable: . T_ID
   47         | . T_ID T_LEFT_BRACKET expression T_RIGHT_BRACKET
   48 procedure_statement: . T_ID T_LEFT_PARENTHESIS actual_parameter_expression T_RIGHT_PARENTHESIS
   66 factor: . T_INTEGER
   67       | . T_FLOATING
   68       | . variable
   69       | . procedure_statement
   70       | . T_NOT factor
   71       | . T_PLUS factor
   71       | T_PLUS . factor
   72       | . T_MINUS factor

    T_INTEGER   shift, and go to state 64
    T_ID        shift, and go to state 35
    T_FLOATING  shift, and go to state 65
    T_PLUS      shift, and go to state 66
    T_MINUS     shift, and go to state 67
    T_NOT       shift, and go to state 68

    variable             go to state 69
    procedure_statement  go to state 70
    factor               go to state 91


state 67

   46 variable: . T_ID
   47         | . T_ID T_LEFT_BRACKET expression T_RIGHT_BRACKET
   48 procedure_statement: . T_ID T_LEFT_PARENTHESIS actual_parameter_expression T_RIGHT_PARENTHESIS
   66 factor: . T_INTEGER
   67       | . T_FLOATING
   68       | . variable
   69       | . procedure_statement
   70       | . T_NOT factor
   71       | . T_PLUS factor
   72       | . T_MINUS factor
   72       | T_MINUS . factor

    T_INTEGER   shift, and go to state 64
    T_ID        shift, and go to state 35
    T_FLOATING  shift, and go to state 65
    T_PLUS      shift, and go to state 66
    T_MINUS     shift, and go to state 67
    T_NOT       shift, and go to state 68

    variable             go to state 69
    procedure_statement  go to state 70
    factor               go to state 92


state 68

   46 variable: . T_ID
   47         | . T_ID T_LEFT_BRACKET expression T_RIGHT_BRACKET
   48 procedure_statement: . T_ID T_LEFT_PARENTHESIS actual_parameter_expression T_RIGHT_PARENTHESIS
   66 factor: . T_INTEGER
   67       | . T_FLOATING
   68       | . variable
   69       | . procedure_statement
   70       | . T_NOT factor
   70       | T_NOT . factor
   71       | . T_PLUS factor
   72       | . T_MINUS factor

    T_INTEGER   shift, and go to state 64
    T_ID        shift, and go to state 35
    T_FLOATING  shift, and go to state 65
    T_PLUS      shift, and go to state 66
    T_MINUS     shift, and go to state 67
    T_NOT       shift, and go to state 68

    variable             go to state 69
    procedure_statement  go to state 70
    factor               go to state 93


state 69

   68 factor: variable .

    $default  reduce using rule 68 (factor)


state 70

   69 factor: procedure_statement .

    $default  reduce using rule 69 (factor)


state 71

   27 match_statement: T_IF expression . T_COLON match_statement T_ELSE T_COLON match_statement
   29 unmatch_statement: T_IF expression . T_COLON statement
   30                  | T_IF expression . T_COLON match_statement T_ELSE T_COLON unmatch_statement

    T_COLON  shift, and go to state 94


state 72

   53 expression: simple_expression .  [T_END, T_ELSE, T_SEMICOLON, T_COMMA, T_RIGHT_PARENTHESIS, T_RIGHT_BRACKET, T_COLON]
   54           | simple_expression . T_LARGER simple_expression
   55           | simple_expression . T_LARGER_EQUAL simple_expression
   56           | simple_expression . T_SMALLER simple_expression
   57           | simple_expression . T_SMALLER_EQUAL simple_expression
   58           | simple_expression . T_EQUAL simple_expression
   59           | simple_expression . T_NOT_EQUAL simple_expression

    T_SMALLER        shift, and go to state 95
    T_EQUAL          shift, and go to state 96
    T_NOT_EQUAL      shift, and go to state 97
    T_SMALLER_EQUAL  shift, and go to state 98
    T_LARGER_EQUAL   shift, and go to state 99
    T_LARGER         shift, and go to state 100

    $default  reduce using rule 53 (expression)


state 73

   60 simple_expression: term .  [T_SMALLER, T_EQUAL, T_NOT_EQUAL, T_SMALLER_EQUAL, T_LARGER_EQUAL, T_LARGER, T_END, T_ELSE, T_SEMICOLON, T_COMMA, T_RIGHT_PARENTHESIS, T_RIGHT_BRACKET, T_COLON]
   61                  | term . T_PLUS simple_expression
   62                  | term . T_MINUS simple_expression

    T_PLUS   shift, and go to state 101
    T_MINUS  shift, and go to state 102

    $default  reduce using rule 60 (simple_expression)


state 74

   63 term: factor .  [T_PLUS, T_MINUS, T_SMALLER, T_EQUAL, T_NOT_EQUAL, T_SMALLER_EQUAL, T_LARGER_EQUAL, T_LARGER, T_END, T_ELSE, T_SEMICOLON, T_COMMA, T_RIGHT_PARENTHESIS, T_RIGHT_BRACKET, T_COLON]
   64     | factor . T_MULTIPLE term
   65     | factor . T_DIVIDE term

    T_MULTIPLE  shift, and go to state 103
    T_DIVIDE    shift, and go to state 104

    $default  reduce using rule 63 (term)


state 75

   39 while_statement: T_WHILE expression . T_COLON statement
   40                | T_WHILE expression . T_COLON statement T_ELSE T_COLON statement

    T_COLON  shift, and go to state 105


state 76

   37 other_statment: T_RETURN expression .

    $default  reduce using rule 37 (other_statment)


state 77

   45 print_statement: T_PRINT T_LEFT_PARENTHESIS . expression T_RIGHT_PARENTHESIS
   46 variable: . T_ID
   47         | . T_ID T_LEFT_BRACKET expression T_RIGHT_BRACKET
   48 procedure_statement: . T_ID T_LEFT_PARENTHESIS actual_parameter_expression T_RIGHT_PARENTHESIS
   53 expression: . simple_expression
   54           | . simple_expression T_LARGER simple_expression
   55           | . simple_expression T_LARGER_EQUAL simple_expression
   56           | . simple_expression T_SMALLER simple_expression
   57           | . simple_expression T_SMALLER_EQUAL simple_expression
   58           | . simple_expression T_EQUAL simple_expression
   59           | . simple_expression T_NOT_EQUAL simple_expression
   60 simple_expression: . term
   61                  | . term T_PLUS simple_expression
   62                  | . term T_MINUS simple_expression
   63 term: . factor
   64     | . factor T_MULTIPLE term
   65     | . factor T_DIVIDE term
   66 factor: . T_INTEGER
   67       | . T_FLOATING
   68       | . variable
   69       | . procedure_statement
   70       | . T_NOT factor
   71       | . T_PLUS factor
   72       | . T_MINUS factor

    T_INTEGER   shift, and go to state 64
    T_ID        shift, and go to state 35
    T_FLOATING  shift, and go to state 65
    T_PLUS      shift, and go to state 66
    T_MINUS     shift, and go to state 67
    T_NOT       shift, and go to state 68

    variable             go to state 69
    procedure_statement  go to state 70
    expression           go to state 106
    simple_expression    go to state 72
    term                 go to state 73
    factor               go to state 74


state 78

   46 variable: T_ID .  [T_IN, T_COLON]
   47         | T_ID . T_LEFT_BRACKET expression T_RIGHT_BRACKET

    T_LEFT_BRACKET  shift, and go to state 63

    $default  reduce using rule 46 (variable)


state 79

   41 for_statement: T_FOR for_condition . T_COLON statement
   42              | T_FOR for_condition . T_COLON statement T_ELSE T_COLON statement

    T_COLON  shift, and go to state 107


state 80

   43 for_condition: variable . T_IN variable

    T_IN  shift, and go to state 108


state 81

   21 compound_statement: T_BEGIN statement_list T_END .

    $default  reduce using rule 21 (compound_statement)


state 82

   21 compound_statement: . T_BEGIN statement_list T_END
   22 statement_list: . statement
   23               | . statement T_SEMICOLON statement_list
   23               | statement T_SEMICOLON . statement_list
   24 statement: . match_statement
   25          | . unmatch_statement
   26 match_statement: . other_statment
   27                | . T_IF expression T_COLON match_statement T_ELSE T_COLON match_statement
   28 unmatch_statement: .  [T_END, T_SEMICOLON]
   29                  | . T_IF expression T_COLON statement
   30                  | . T_IF expression T_COLON match_statement T_ELSE T_COLON unmatch_statement
   31 other_statment: . variable T_ASSIGN expression
   32               | . print_statement
   33               | . procedure_statement
   34               | . compound_statement
   35               | . while_statement
   36               | . for_statement
   37               | . T_RETURN expression
   38               | . T_NOP
   39 while_statement: . T_WHILE expression T_COLON statement
   40                | . T_WHILE expression T_COLON statement T_ELSE T_COLON statement
   41 for_statement: . T_FOR for_condition T_COLON statement
   42              | . T_FOR for_condition T_COLON statement T_ELSE T_COLON statement
   44 print_statement: . T_PRINT
   45                | . T_PRINT T_LEFT_PARENTHESIS expression T_RIGHT_PARENTHESIS
   46 variable: . T_ID
   47         | . T_ID T_LEFT_BRACKET expression T_RIGHT_BRACKET
   48 procedure_statement: . T_ID T_LEFT_PARENTHESIS actual_parameter_expression T_RIGHT_PARENTHESIS

    T_ID      shift, and go to state 35
    T_BEGIN   shift, and go to state 24
    T_IF      shift, and go to state 36
    T_NOP     shift, and go to state 37
    T_WHILE   shift, and go to state 38
    T_RETURN  shift, and go to state 39
    T_PRINT   shift, and go to state 40
    T_FOR     shift, and go to state 41

    $default  reduce using rule 28 (unmatch_statement)

    compound_statement   go to state 42
    statement_list       go to state 109
    statement            go to state 44
    match_statement      go to state 45
    unmatch_statement    go to state 46
    other_statment       go to state 47
    while_statement      go to state 48
    for_statement        go to state 49
    print_statement      go to state 50
    variable             go to state 51
    procedure_statement  go to state 52


state 83

   31 other_statment: variable T_ASSIGN . expression
   46 variable: . T_ID
   47         | . T_ID T_LEFT_BRACKET expression T_RIGHT_BRACKET
   48 procedure_statement: . T_ID T_LEFT_PARENTHESIS actual_parameter_expression T_RIGHT_PARENTHESIS
   53 expression: . simple_expression
   54           | . simple_expression T_LARGER simple_expression
   55           | . simple_expression T_LARGER_EQUAL simple_expression
   56           | . simple_expression T_SMALLER simple_expression
   57           | . simple_expression T_SMALLER_EQUAL simple_expression
   58           | . simple_expression T_EQUAL simple_expression
   59           | . simple_expression T_NOT_EQUAL simple_expression
   60 simple_expression: . term
   61                  | . term T_PLUS simple_expression
   62                  | . term T_MINUS simple_expression
   63 term: . factor
   64     | . factor T_MULTIPLE term
   65     | . factor T_DIVIDE term
   66 factor: . T_INTEGER
   67       | . T_FLOATING
   68       | . variable
   69       | . procedure_statement
   70       | . T_NOT factor
   71       | . T_PLUS factor
   72       | . T_MINUS factor

    T_INTEGER   shift, and go to state 64
    T_ID        shift, and go to state 35
    T_FLOATING  shift, and go to state 65
    T_PLUS      shift, and go to state 66
    T_MINUS     shift, and go to state 67
    T_NOT       shift, and go to state 68

    variable             go to state 69
    procedure_statement  go to state 70
    expression           go to state 110
    simple_expression    go to state 72
    term                 go to state 73
    factor               go to state 74


state 84

    6 identifier_list: . T_ID
    7                | . T_ID T_COMMA identifier_list
   19 parameter_list: type T_COLON . identifier_list
   20               | type T_COLON . identifier_list T_SEMICOLON parameter_list

    T_ID  shift, and go to state 18

    identifier_list  go to state 111


state 85

   17 arguments: T_LEFT_PARENTHESIS parameter_list T_RIGHT_PARENTHESIS .

    $default  reduce using rule 17 (arguments)


state 86

   15 subprogram_head: T_FUNCTION T_ID arguments T_COLON standard_type . T_SEMICOLON

    T_SEMICOLON  shift, and go to state 112


state 87

   48 procedure_statement: T_ID T_LEFT_PARENTHESIS actual_parameter_expression . T_RIGHT_PARENTHESIS

    T_RIGHT_PARENTHESIS  shift, and go to state 113


state 88

   49 actual_parameter_expression: expression_list .

    $default  reduce using rule 49 (actual_parameter_expression)


state 89

   51 expression_list: expression .  [T_RIGHT_PARENTHESIS]
   52                | expression . T_COMMA expression_list

    T_COMMA  shift, and go to state 114

    $default  reduce using rule 51 (expression_list)


state 90

   47 variable: T_ID T_LEFT_BRACKET expression . T_RIGHT_BRACKET

    T_RIGHT_BRACKET  shift, and go to state 115


state 91

   71 factor: T_PLUS factor .

    $default  reduce using rule 71 (factor)


state 92

   72 factor: T_MINUS factor .

    $default  reduce using rule 72 (factor)


state 93

   70 factor: T_NOT factor .

    $default  reduce using rule 70 (factor)


state 94

   21 compound_statement: . T_BEGIN statement_list T_END
   24 statement: . match_statement
   25          | . unmatch_statement
   26 match_statement: . other_statment
   27                | . T_IF expression T_COLON match_statement T_ELSE T_COLON match_statement
   27                | T_IF expression T_COLON . match_statement T_ELSE T_COLON match_statement
   28 unmatch_statement: .  [T_END, T_ELSE, T_SEMICOLON]
   29                  | . T_IF expression T_COLON statement
   29                  | T_IF expression T_COLON . statement
   30                  | . T_IF expression T_COLON match_statement T_ELSE T_COLON unmatch_statement
   30                  | T_IF expression T_COLON . match_statement T_ELSE T_COLON unmatch_statement
   31 other_statment: . variable T_ASSIGN expression
   32               | . print_statement
   33               | . procedure_statement
   34               | . compound_statement
   35               | . while_statement
   36               | . for_statement
   37               | . T_RETURN expression
   38               | . T_NOP
   39 while_statement: . T_WHILE expression T_COLON statement
   40                | . T_WHILE expression T_COLON statement T_ELSE T_COLON statement
   41 for_statement: . T_FOR for_condition T_COLON statement
   42              | . T_FOR for_condition T_COLON statement T_ELSE T_COLON statement
   44 print_statement: . T_PRINT
   45                | . T_PRINT T_LEFT_PARENTHESIS expression T_RIGHT_PARENTHESIS
   46 variable: . T_ID
   47         | . T_ID T_LEFT_BRACKET expression T_RIGHT_BRACKET
   48 procedure_statement: . T_ID T_LEFT_PARENTHESIS actual_parameter_expression T_RIGHT_PARENTHESIS

    T_ID      shift, and go to state 35
    T_BEGIN   shift, and go to state 24
    T_IF      shift, and go to state 36
    T_NOP     shift, and go to state 37
    T_WHILE   shift, and go to state 38
    T_RETURN  shift, and go to state 39
    T_PRINT   shift, and go to state 40
    T_FOR     shift, and go to state 41

    $default  reduce using rule 28 (unmatch_statement)

    compound_statement   go to state 42
    statement            go to state 116
    match_statement      go to state 117
    unmatch_statement    go to state 46
    other_statment       go to state 47
    while_statement      go to state 48
    for_statement        go to state 49
    print_statement      go to state 50
    variable             go to state 51
    procedure_statement  go to state 52


state 95

   46 variable: . T_ID
   47         | . T_ID T_LEFT_BRACKET expression T_RIGHT_BRACKET
   48 procedure_statement: . T_ID T_LEFT_PARENTHESIS actual_parameter_expression T_RIGHT_PARENTHESIS
   56 expression: simple_expression T_SMALLER . simple_expression
   60 simple_expression: . term
   61                  | . term T_PLUS simple_expression
   62                  | . term T_MINUS simple_expression
   63 term: . factor
   64     | . factor T_MULTIPLE term
   65     | . factor T_DIVIDE term
   66 factor: . T_INTEGER
   67       | . T_FLOATING
   68       | . variable
   69       | . procedure_statement
   70       | . T_NOT factor
   71       | . T_PLUS factor
   72       | . T_MINUS factor

    T_INTEGER   shift, and go to state 64
    T_ID        shift, and go to state 35
    T_FLOATING  shift, and go to state 65
    T_PLUS      shift, and go to state 66
    T_MINUS     shift, and go to state 67
    T_NOT       shift, and go to state 68

    variable             go to state 69
    procedure_statement  go to state 70
    simple_expression    go to state 118
    term                 go to state 73
    factor               go to state 74


state 96

   46 variable: . T_ID
   47         | . T_ID T_LEFT_BRACKET expression T_RIGHT_BRACKET
   48 procedure_statement: . T_ID T_LEFT_PARENTHESIS actual_parameter_expression T_RIGHT_PARENTHESIS
   58 expression: simple_expression T_EQUAL . simple_expression
   60 simple_expression: . term
   61                  | . term T_PLUS simple_expression
   62                  | . term T_MINUS simple_expression
   63 term: . factor
   64     | . factor T_MULTIPLE term
   65     | . factor T_DIVIDE term
   66 factor: . T_INTEGER
   67       | . T_FLOATING
   68       | . variable
   69       | . procedure_statement
   70       | . T_NOT factor
   71       | . T_PLUS factor
   72       | . T_MINUS factor

    T_INTEGER   shift, and go to state 64
    T_ID        shift, and go to state 35
    T_FLOATING  shift, and go to state 65
    T_PLUS      shift, and go to state 66
    T_MINUS     shift, and go to state 67
    T_NOT       shift, and go to state 68

    variable             go to state 69
    procedure_statement  go to state 70
    simple_expression    go to state 119
    term                 go to state 73
    factor               go to state 74


state 97

   46 variable: . T_ID
   47         | . T_ID T_LEFT_BRACKET expression T_RIGHT_BRACKET
   48 procedure_statement: . T_ID T_LEFT_PARENTHESIS actual_parameter_expression T_RIGHT_PARENTHESIS
   59 expression: simple_expression T_NOT_EQUAL . simple_expression
   60 simple_expression: . term
   61                  | . term T_PLUS simple_expression
   62                  | . term T_MINUS simple_expression
   63 term: . factor
   64     | . factor T_MULTIPLE term
   65     | . factor T_DIVIDE term
   66 factor: . T_INTEGER
   67       | . T_FLOATING
   68       | . variable
   69       | . procedure_statement
   70       | . T_NOT factor
   71       | . T_PLUS factor
   72       | . T_MINUS factor

    T_INTEGER   shift, and go to state 64
    T_ID        shift, and go to state 35
    T_FLOATING  shift, and go to state 65
    T_PLUS      shift, and go to state 66
    T_MINUS     shift, and go to state 67
    T_NOT       shift, and go to state 68

    variable             go to state 69
    procedure_statement  go to state 70
    simple_expression    go to state 120
    term                 go to state 73
    factor               go to state 74


state 98

   46 variable: . T_ID
   47         | . T_ID T_LEFT_BRACKET expression T_RIGHT_BRACKET
   48 procedure_statement: . T_ID T_LEFT_PARENTHESIS actual_parameter_expression T_RIGHT_PARENTHESIS
   57 expression: simple_expression T_SMALLER_EQUAL . simple_expression
   60 simple_expression: . term
   61                  | . term T_PLUS simple_expression
   62                  | . term T_MINUS simple_expression
   63 term: . factor
   64     | . factor T_MULTIPLE term
   65     | . factor T_DIVIDE term
   66 factor: . T_INTEGER
   67       | . T_FLOATING
   68       | . variable
   69       | . procedure_statement
   70       | . T_NOT factor
   71       | . T_PLUS factor
   72       | . T_MINUS factor

    T_INTEGER   shift, and go to state 64
    T_ID        shift, and go to state 35
    T_FLOATING  shift, and go to state 65
    T_PLUS      shift, and go to state 66
    T_MINUS     shift, and go to state 67
    T_NOT       shift, and go to state 68

    variable             go to state 69
    procedure_statement  go to state 70
    simple_expression    go to state 121
    term                 go to state 73
    factor               go to state 74


state 99

   46 variable: . T_ID
   47         | . T_ID T_LEFT_BRACKET expression T_RIGHT_BRACKET
   48 procedure_statement: . T_ID T_LEFT_PARENTHESIS actual_parameter_expression T_RIGHT_PARENTHESIS
   55 expression: simple_expression T_LARGER_EQUAL . simple_expression
   60 simple_expression: . term
   61                  | . term T_PLUS simple_expression
   62                  | . term T_MINUS simple_expression
   63 term: . factor
   64     | . factor T_MULTIPLE term
   65     | . factor T_DIVIDE term
   66 factor: . T_INTEGER
   67       | . T_FLOATING
   68       | . variable
   69       | . procedure_statement
   70       | . T_NOT factor
   71       | . T_PLUS factor
   72       | . T_MINUS factor

    T_INTEGER   shift, and go to state 64
    T_ID        shift, and go to state 35
    T_FLOATING  shift, and go to state 65
    T_PLUS      shift, and go to state 66
    T_MINUS     shift, and go to state 67
    T_NOT       shift, and go to state 68

    variable             go to state 69
    procedure_statement  go to state 70
    simple_expression    go to state 122
    term                 go to state 73
    factor               go to state 74


state 100

   46 variable: . T_ID
   47         | . T_ID T_LEFT_BRACKET expression T_RIGHT_BRACKET
   48 procedure_statement: . T_ID T_LEFT_PARENTHESIS actual_parameter_expression T_RIGHT_PARENTHESIS
   54 expression: simple_expression T_LARGER . simple_expression
   60 simple_expression: . term
   61                  | . term T_PLUS simple_expression
   62                  | . term T_MINUS simple_expression
   63 term: . factor
   64     | . factor T_MULTIPLE term
   65     | . factor T_DIVIDE term
   66 factor: . T_INTEGER
   67       | . T_FLOATING
   68       | . variable
   69       | . procedure_statement
   70       | . T_NOT factor
   71       | . T_PLUS factor
   72       | . T_MINUS factor

    T_INTEGER   shift, and go to state 64
    T_ID        shift, and go to state 35
    T_FLOATING  shift, and go to state 65
    T_PLUS      shift, and go to state 66
    T_MINUS     shift, and go to state 67
    T_NOT       shift, and go to state 68

    variable             go to state 69
    procedure_statement  go to state 70
    simple_expression    go to state 123
    term                 go to state 73
    factor               go to state 74


state 101

   46 variable: . T_ID
   47         | . T_ID T_LEFT_BRACKET expression T_RIGHT_BRACKET
   48 procedure_statement: . T_ID T_LEFT_PARENTHESIS actual_parameter_expression T_RIGHT_PARENTHESIS
   60 simple_expression: . term
   61                  | . term T_PLUS simple_expression
   61                  | term T_PLUS . simple_expression
   62                  | . term T_MINUS simple_expression
   63 term: . factor
   64     | . factor T_MULTIPLE term
   65     | . factor T_DIVIDE term
   66 factor: . T_INTEGER
   67       | . T_FLOATING
   68       | . variable
   69       | . procedure_statement
   70       | . T_NOT factor
   71       | . T_PLUS factor
   72       | . T_MINUS factor

    T_INTEGER   shift, and go to state 64
    T_ID        shift, and go to state 35
    T_FLOATING  shift, and go to state 65
    T_PLUS      shift, and go to state 66
    T_MINUS     shift, and go to state 67
    T_NOT       shift, and go to state 68

    variable             go to state 69
    procedure_statement  go to state 70
    simple_expression    go to state 124
    term                 go to state 73
    factor               go to state 74


state 102

   46 variable: . T_ID
   47         | . T_ID T_LEFT_BRACKET expression T_RIGHT_BRACKET
   48 procedure_statement: . T_ID T_LEFT_PARENTHESIS actual_parameter_expression T_RIGHT_PARENTHESIS
   60 simple_expression: . term
   61                  | . term T_PLUS simple_expression
   62                  | . term T_MINUS simple_expression
   62                  | term T_MINUS . simple_expression
   63 term: . factor
   64     | . factor T_MULTIPLE term
   65     | . factor T_DIVIDE term
   66 factor: . T_INTEGER
   67       | . T_FLOATING
   68       | . variable
   69       | . procedure_statement
   70       | . T_NOT factor
   71       | . T_PLUS factor
   72       | . T_MINUS factor

    T_INTEGER   shift, and go to state 64
    T_ID        shift, and go to state 35
    T_FLOATING  shift, and go to state 65
    T_PLUS      shift, and go to state 66
    T_MINUS     shift, and go to state 67
    T_NOT       shift, and go to state 68

    variable             go to state 69
    procedure_statement  go to state 70
    simple_expression    go to state 125
    term                 go to state 73
    factor               go to state 74


state 103

   46 variable: . T_ID
   47         | . T_ID T_LEFT_BRACKET expression T_RIGHT_BRACKET
   48 procedure_statement: . T_ID T_LEFT_PARENTHESIS actual_parameter_expression T_RIGHT_PARENTHESIS
   63 term: . factor
   64     | . factor T_MULTIPLE term
   64     | factor T_MULTIPLE . term
   65     | . factor T_DIVIDE term
   66 factor: . T_INTEGER
   67       | . T_FLOATING
   68       | . variable
   69       | . procedure_statement
   70       | . T_NOT factor
   71       | . T_PLUS factor
   72       | . T_MINUS factor

    T_INTEGER   shift, and go to state 64
    T_ID        shift, and go to state 35
    T_FLOATING  shift, and go to state 65
    T_PLUS      shift, and go to state 66
    T_MINUS     shift, and go to state 67
    T_NOT       shift, and go to state 68

    variable             go to state 69
    procedure_statement  go to state 70
    term                 go to state 126
    factor               go to state 74


state 104

   46 variable: . T_ID
   47         | . T_ID T_LEFT_BRACKET expression T_RIGHT_BRACKET
   48 procedure_statement: . T_ID T_LEFT_PARENTHESIS actual_parameter_expression T_RIGHT_PARENTHESIS
   63 term: . factor
   64     | . factor T_MULTIPLE term
   65     | . factor T_DIVIDE term
   65     | factor T_DIVIDE . term
   66 factor: . T_INTEGER
   67       | . T_FLOATING
   68       | . variable
   69       | . procedure_statement
   70       | . T_NOT factor
   71       | . T_PLUS factor
   72       | . T_MINUS factor

    T_INTEGER   shift, and go to state 64
    T_ID        shift, and go to state 35
    T_FLOATING  shift, and go to state 65
    T_PLUS      shift, and go to state 66
    T_MINUS     shift, and go to state 67
    T_NOT       shift, and go to state 68

    variable             go to state 69
    procedure_statement  go to state 70
    term                 go to state 127
    factor               go to state 74


state 105

   21 compound_statement: . T_BEGIN statement_list T_END
   24 statement: . match_statement
   25          | . unmatch_statement
   26 match_statement: . other_statment
   27                | . T_IF expression T_COLON match_statement T_ELSE T_COLON match_statement
   28 unmatch_statement: .  [T_END, T_ELSE, T_SEMICOLON]
   29                  | . T_IF expression T_COLON statement
   30                  | . T_IF expression T_COLON match_statement T_ELSE T_COLON unmatch_statement
   31 other_statment: . variable T_ASSIGN expression
   32               | . print_statement
   33               | . procedure_statement
   34               | . compound_statement
   35               | . while_statement
   36               | . for_statement
   37               | . T_RETURN expression
   38               | . T_NOP
   39 while_statement: . T_WHILE expression T_COLON statement
   39                | T_WHILE expression T_COLON . statement
   40                | . T_WHILE expression T_COLON statement T_ELSE T_COLON statement
   40                | T_WHILE expression T_COLON . statement T_ELSE T_COLON statement
   41 for_statement: . T_FOR for_condition T_COLON statement
   42              | . T_FOR for_condition T_COLON statement T_ELSE T_COLON statement
   44 print_statement: . T_PRINT
   45                | . T_PRINT T_LEFT_PARENTHESIS expression T_RIGHT_PARENTHESIS
   46 variable: . T_ID
   47         | . T_ID T_LEFT_BRACKET expression T_RIGHT_BRACKET
   48 procedure_statement: . T_ID T_LEFT_PARENTHESIS actual_parameter_expression T_RIGHT_PARENTHESIS

    T_ID      shift, and go to state 35
    T_BEGIN   shift, and go to state 24
    T_IF      shift, and go to state 36
    T_NOP     shift, and go to state 37
    T_WHILE   shift, and go to state 38
    T_RETURN  shift, and go to state 39
    T_PRINT   shift, and go to state 40
    T_FOR     shift, and go to state 41

    $default  reduce using rule 28 (unmatch_statement)

    compound_statement   go to state 42
    statement            go to state 128
    match_statement      go to state 45
    unmatch_statement    go to state 46
    other_statment       go to state 47
    while_statement      go to state 48
    for_statement        go to state 49
    print_statement      go to state 50
    variable             go to state 51
    procedure_statement  go to state 52


state 106

   45 print_statement: T_PRINT T_LEFT_PARENTHESIS expression . T_RIGHT_PARENTHESIS

    T_RIGHT_PARENTHESIS  shift, and go to state 129


state 107

   21 compound_statement: . T_BEGIN statement_list T_END
   24 statement: . match_statement
   25          | . unmatch_statement
   26 match_statement: . other_statment
   27                | . T_IF expression T_COLON match_statement T_ELSE T_COLON match_statement
   28 unmatch_statement: .  [T_END, T_ELSE, T_SEMICOLON]
   29                  | . T_IF expression T_COLON statement
   30                  | . T_IF expression T_COLON match_statement T_ELSE T_COLON unmatch_statement
   31 other_statment: . variable T_ASSIGN expression
   32               | . print_statement
   33               | . procedure_statement
   34               | . compound_statement
   35               | . while_statement
   36               | . for_statement
   37               | . T_RETURN expression
   38               | . T_NOP
   39 while_statement: . T_WHILE expression T_COLON statement
   40                | . T_WHILE expression T_COLON statement T_ELSE T_COLON statement
   41 for_statement: . T_FOR for_condition T_COLON statement
   41              | T_FOR for_condition T_COLON . statement
   42              | . T_FOR for_condition T_COLON statement T_ELSE T_COLON statement
   42              | T_FOR for_condition T_COLON . statement T_ELSE T_COLON statement
   44 print_statement: . T_PRINT
   45                | . T_PRINT T_LEFT_PARENTHESIS expression T_RIGHT_PARENTHESIS
   46 variable: . T_ID
   47         | . T_ID T_LEFT_BRACKET expression T_RIGHT_BRACKET
   48 procedure_statement: . T_ID T_LEFT_PARENTHESIS actual_parameter_expression T_RIGHT_PARENTHESIS

    T_ID      shift, and go to state 35
    T_BEGIN   shift, and go to state 24
    T_IF      shift, and go to state 36
    T_NOP     shift, and go to state 37
    T_WHILE   shift, and go to state 38
    T_RETURN  shift, and go to state 39
    T_PRINT   shift, and go to state 40
    T_FOR     shift, and go to state 41

    $default  reduce using rule 28 (unmatch_statement)

    compound_statement   go to state 42
    statement            go to state 130
    match_statement      go to state 45
    unmatch_statement    go to state 46
    other_statment       go to state 47
    while_statement      go to state 48
    for_statement        go to state 49
    print_statement      go to state 50
    variable             go to state 51
    procedure_statement  go to state 52


state 108

   43 for_condition: variable T_IN . variable
   46 variable: . T_ID
   47         | . T_ID T_LEFT_BRACKET expression T_RIGHT_BRACKET

    T_ID  shift, and go to state 78

    variable  go to state 131


state 109

   23 statement_list: statement T_SEMICOLON statement_list .

    $default  reduce using rule 23 (statement_list)


state 110

   31 other_statment: variable T_ASSIGN expression .

    $default  reduce using rule 31 (other_statment)


state 111

   19 parameter_list: type T_COLON identifier_list .  [T_RIGHT_PARENTHESIS]
   20               | type T_COLON identifier_list . T_SEMICOLON parameter_list

    T_SEMICOLON  shift, and go to state 132

    $default  reduce using rule 19 (parameter_list)


state 112

   15 subprogram_head: T_FUNCTION T_ID arguments T_COLON standard_type T_SEMICOLON .

    $default  reduce using rule 15 (subprogram_head)


state 113

   48 procedure_statement: T_ID T_LEFT_PARENTHESIS actual_parameter_expression T_RIGHT_PARENTHESIS .

    $default  reduce using rule 48 (procedure_statement)


state 114

   46 variable: . T_ID
   47         | . T_ID T_LEFT_BRACKET expression T_RIGHT_BRACKET
   48 procedure_statement: . T_ID T_LEFT_PARENTHESIS actual_parameter_expression T_RIGHT_PARENTHESIS
   51 expression_list: . expression
   52                | . expression T_COMMA expression_list
   52                | expression T_COMMA . expression_list
   53 expression: . simple_expression
   54           | . simple_expression T_LARGER simple_expression
   55           | . simple_expression T_LARGER_EQUAL simple_expression
   56           | . simple_expression T_SMALLER simple_expression
   57           | . simple_expression T_SMALLER_EQUAL simple_expression
   58           | . simple_expression T_EQUAL simple_expression
   59           | . simple_expression T_NOT_EQUAL simple_expression
   60 simple_expression: . term
   61                  | . term T_PLUS simple_expression
   62                  | . term T_MINUS simple_expression
   63 term: . factor
   64     | . factor T_MULTIPLE term
   65     | . factor T_DIVIDE term
   66 factor: . T_INTEGER
   67       | . T_FLOATING
   68       | . variable
   69       | . procedure_statement
   70       | . T_NOT factor
   71       | . T_PLUS factor
   72       | . T_MINUS factor

    T_INTEGER   shift, and go to state 64
    T_ID        shift, and go to state 35
    T_FLOATING  shift, and go to state 65
    T_PLUS      shift, and go to state 66
    T_MINUS     shift, and go to state 67
    T_NOT       shift, and go to state 68

    variable             go to state 69
    procedure_statement  go to state 70
    expression_list      go to state 133
    expression           go to state 89
    simple_expression    go to state 72
    term                 go to state 73
    factor               go to state 74


state 115

   47 variable: T_ID T_LEFT_BRACKET expression T_RIGHT_BRACKET .

    $default  reduce using rule 47 (variable)


state 116

   29 unmatch_statement: T_IF expression T_COLON statement .

    $default  reduce using rule 29 (unmatch_statement)


state 117

   24 statement: match_statement .  [T_END, T_ELSE, T_SEMICOLON]
   27 match_statement: T_IF expression T_COLON match_statement . T_ELSE T_COLON match_statement
   30 unmatch_statement: T_IF expression T_COLON match_statement . T_ELSE T_COLON unmatch_statement

    T_ELSE  shift, and go to state 134

    T_ELSE    [reduce using rule 24 (statement)]
    $default  reduce using rule 24 (statement)


state 118

   56 expression: simple_expression T_SMALLER simple_expression .

    $default  reduce using rule 56 (expression)


state 119

   58 expression: simple_expression T_EQUAL simple_expression .

    $default  reduce using rule 58 (expression)


state 120

   59 expression: simple_expression T_NOT_EQUAL simple_expression .

    $default  reduce using rule 59 (expression)


state 121

   57 expression: simple_expression T_SMALLER_EQUAL simple_expression .

    $default  reduce using rule 57 (expression)


state 122

   55 expression: simple_expression T_LARGER_EQUAL simple_expression .

    $default  reduce using rule 55 (expression)


state 123

   54 expression: simple_expression T_LARGER simple_expression .

    $default  reduce using rule 54 (expression)


state 124

   61 simple_expression: term T_PLUS simple_expression .

    $default  reduce using rule 61 (simple_expression)


state 125

   62 simple_expression: term T_MINUS simple_expression .

    $default  reduce using rule 62 (simple_expression)


state 126

   64 term: factor T_MULTIPLE term .

    $default  reduce using rule 64 (term)


state 127

   65 term: factor T_DIVIDE term .

    $default  reduce using rule 65 (term)


state 128

   39 while_statement: T_WHILE expression T_COLON statement .  [T_END, T_ELSE, T_SEMICOLON]
   40                | T_WHILE expression T_COLON statement . T_ELSE T_COLON statement

    T_ELSE  shift, and go to state 135

    T_ELSE    [reduce using rule 39 (while_statement)]
    $default  reduce using rule 39 (while_statement)


state 129

   45 print_statement: T_PRINT T_LEFT_PARENTHESIS expression T_RIGHT_PARENTHESIS .

    $default  reduce using rule 45 (print_statement)


state 130

   41 for_statement: T_FOR for_condition T_COLON statement .  [T_END, T_ELSE, T_SEMICOLON]
   42              | T_FOR for_condition T_COLON statement . T_ELSE T_COLON statement

    T_ELSE  shift, and go to state 136

    T_ELSE    [reduce using rule 41 (for_statement)]
    $default  reduce using rule 41 (for_statement)


state 131

   43 for_condition: variable T_IN variable .

    $default  reduce using rule 43 (for_condition)


state 132

    8 type: . standard_type
    9     | . standard_type T_LEFT_BRACKET T_INTEGER T_RIGHT_BRACKET
   10 standard_type: . T_INT
   11              | . T_FLOAT
   19 parameter_list: . type T_COLON identifier_list
   20               | . type T_COLON identifier_list T_SEMICOLON parameter_list
   20               | type T_COLON identifier_list T_SEMICOLON . parameter_list

    T_INT    shift, and go to state 7
    T_FLOAT  shift, and go to state 8

    type            go to state 58
    standard_type   go to state 11
    parameter_list  go to state 137


state 133

   52 expression_list: expression T_COMMA expression_list .

    $default  reduce using rule 52 (expression_list)


state 134

   27 match_statement: T_IF expression T_COLON match_statement T_ELSE . T_COLON match_statement
   30 unmatch_statement: T_IF expression T_COLON match_statement T_ELSE . T_COLON unmatch_statement

    T_COLON  shift, and go to state 138


state 135

   40 while_statement: T_WHILE expression T_COLON statement T_ELSE . T_COLON statement

    T_COLON  shift, and go to state 139


state 136

   42 for_statement: T_FOR for_condition T_COLON statement T_ELSE . T_COLON statement

    T_COLON  shift, and go to state 140


state 137

   20 parameter_list: type T_COLON identifier_list T_SEMICOLON parameter_list .

    $default  reduce using rule 20 (parameter_list)


state 138

   21 compound_statement: . T_BEGIN statement_list T_END
   26 match_statement: . other_statment
   27                | . T_IF expression T_COLON match_statement T_ELSE T_COLON match_statement
   27                | T_IF expression T_COLON match_statement T_ELSE T_COLON . match_statement
   28 unmatch_statement: .  [T_END, T_ELSE, T_SEMICOLON]
   29                  | . T_IF expression T_COLON statement
   30                  | . T_IF expression T_COLON match_statement T_ELSE T_COLON unmatch_statement
   30                  | T_IF expression T_COLON match_statement T_ELSE T_COLON . unmatch_statement
   31 other_statment: . variable T_ASSIGN expression
   32               | . print_statement
   33               | . procedure_statement
   34               | . compound_statement
   35               | . while_statement
   36               | . for_statement
   37               | . T_RETURN expression
   38               | . T_NOP
   39 while_statement: . T_WHILE expression T_COLON statement
   40                | . T_WHILE expression T_COLON statement T_ELSE T_COLON statement
   41 for_statement: . T_FOR for_condition T_COLON statement
   42              | . T_FOR for_condition T_COLON statement T_ELSE T_COLON statement
   44 print_statement: . T_PRINT
   45                | . T_PRINT T_LEFT_PARENTHESIS expression T_RIGHT_PARENTHESIS
   46 variable: . T_ID
   47         | . T_ID T_LEFT_BRACKET expression T_RIGHT_BRACKET
   48 procedure_statement: . T_ID T_LEFT_PARENTHESIS actual_parameter_expression T_RIGHT_PARENTHESIS

    T_ID      shift, and go to state 35
    T_BEGIN   shift, and go to state 24
    T_IF      shift, and go to state 36
    T_NOP     shift, and go to state 37
    T_WHILE   shift, and go to state 38
    T_RETURN  shift, and go to state 39
    T_PRINT   shift, and go to state 40
    T_FOR     shift, and go to state 41

    $default  reduce using rule 28 (unmatch_statement)

    compound_statement   go to state 42
    match_statement      go to state 141
    unmatch_statement    go to state 142
    other_statment       go to state 47
    while_statement      go to state 48
    for_statement        go to state 49
    print_statement      go to state 50
    variable             go to state 51
    procedure_statement  go to state 52


state 139

   21 compound_statement: . T_BEGIN statement_list T_END
   24 statement: . match_statement
   25          | . unmatch_statement
   26 match_statement: . other_statment
   27                | . T_IF expression T_COLON match_statement T_ELSE T_COLON match_statement
   28 unmatch_statement: .  [T_END, T_ELSE, T_SEMICOLON]
   29                  | . T_IF expression T_COLON statement
   30                  | . T_IF expression T_COLON match_statement T_ELSE T_COLON unmatch_statement
   31 other_statment: . variable T_ASSIGN expression
   32               | . print_statement
   33               | . procedure_statement
   34               | . compound_statement
   35               | . while_statement
   36               | . for_statement
   37               | . T_RETURN expression
   38               | . T_NOP
   39 while_statement: . T_WHILE expression T_COLON statement
   40                | . T_WHILE expression T_COLON statement T_ELSE T_COLON statement
   40                | T_WHILE expression T_COLON statement T_ELSE T_COLON . statement
   41 for_statement: . T_FOR for_condition T_COLON statement
   42              | . T_FOR for_condition T_COLON statement T_ELSE T_COLON statement
   44 print_statement: . T_PRINT
   45                | . T_PRINT T_LEFT_PARENTHESIS expression T_RIGHT_PARENTHESIS
   46 variable: . T_ID
   47         | . T_ID T_LEFT_BRACKET expression T_RIGHT_BRACKET
   48 procedure_statement: . T_ID T_LEFT_PARENTHESIS actual_parameter_expression T_RIGHT_PARENTHESIS

    T_ID      shift, and go to state 35
    T_BEGIN   shift, and go to state 24
    T_IF      shift, and go to state 36
    T_NOP     shift, and go to state 37
    T_WHILE   shift, and go to state 38
    T_RETURN  shift, and go to state 39
    T_PRINT   shift, and go to state 40
    T_FOR     shift, and go to state 41

    $default  reduce using rule 28 (unmatch_statement)

    compound_statement   go to state 42
    statement            go to state 143
    match_statement      go to state 45
    unmatch_statement    go to state 46
    other_statment       go to state 47
    while_statement      go to state 48
    for_statement        go to state 49
    print_statement      go to state 50
    variable             go to state 51
    procedure_statement  go to state 52


state 140

   21 compound_statement: . T_BEGIN statement_list T_END
   24 statement: . match_statement
   25          | . unmatch_statement
   26 match_statement: . other_statment
   27                | . T_IF expression T_COLON match_statement T_ELSE T_COLON match_statement
   28 unmatch_statement: .  [T_END, T_ELSE, T_SEMICOLON]
   29                  | . T_IF expression T_COLON statement
   30                  | . T_IF expression T_COLON match_statement T_ELSE T_COLON unmatch_statement
   31 other_statment: . variable T_ASSIGN expression
   32               | . print_statement
   33               | . procedure_statement
   34               | . compound_statement
   35               | . while_statement
   36               | . for_statement
   37               | . T_RETURN expression
   38               | . T_NOP
   39 while_statement: . T_WHILE expression T_COLON statement
   40                | . T_WHILE expression T_COLON statement T_ELSE T_COLON statement
   41 for_statement: . T_FOR for_condition T_COLON statement
   42              | . T_FOR for_condition T_COLON statement T_ELSE T_COLON statement
   42              | T_FOR for_condition T_COLON statement T_ELSE T_COLON . statement
   44 print_statement: . T_PRINT
   45                | . T_PRINT T_LEFT_PARENTHESIS expression T_RIGHT_PARENTHESIS
   46 variable: . T_ID
   47         | . T_ID T_LEFT_BRACKET expression T_RIGHT_BRACKET
   48 procedure_statement: . T_ID T_LEFT_PARENTHESIS actual_parameter_expression T_RIGHT_PARENTHESIS

    T_ID      shift, and go to state 35
    T_BEGIN   shift, and go to state 24
    T_IF      shift, and go to state 36
    T_NOP     shift, and go to state 37
    T_WHILE   shift, and go to state 38
    T_RETURN  shift, and go to state 39
    T_PRINT   shift, and go to state 40
    T_FOR     shift, and go to state 41

    $default  reduce using rule 28 (unmatch_statement)

    compound_statement   go to state 42
    statement            go to state 144
    match_statement      go to state 45
    unmatch_statement    go to state 46
    other_statment       go to state 47
    while_statement      go to state 48
    for_statement        go to state 49
    print_statement      go to state 50
    variable             go to state 51
    procedure_statement  go to state 52


state 141

   27 match_statement: T_IF expression T_COLON match_statement T_ELSE T_COLON match_statement .

    $default  reduce using rule 27 (match_statement)


state 142

   30 unmatch_statement: T_IF expression T_COLON match_statement T_ELSE T_COLON unmatch_statement .

    $default  reduce using rule 30 (unmatch_statement)


state 143

   40 while_statement: T_WHILE expression T_COLON statement T_ELSE T_COLON statement .

    $default  reduce using rule 40 (while_statement)


state 144

   42 for_statement: T_FOR for_condition T_COLON statement T_ELSE T_COLON statement .

    $default  reduce using rule 42 (for_statement)
